Analysis & Synthesis report for Project3
Fri Jan 19 00:48:31 2024
Quartus Prime Version 20.1.1 Build 720 11/11/2020 SJ Lite Edition


---------------------
; Table of Contents ;
---------------------
  1. Legal Notice
  2. Analysis & Synthesis Summary
  3. Analysis & Synthesis Settings
  4. Parallel Compilation
  5. Analysis & Synthesis Messages



----------------
; Legal Notice ;
----------------
Copyright (C) 2020  Intel Corporation. All rights reserved.
Your use of Intel Corporation's design tools, logic functions 
and other software and tools, and any partner logic 
functions, and any output files from any of the foregoing 
(including device programming or simulation files), and any 
associated documentation or information are expressly subject 
to the terms and conditions of the Intel Program License 
Subscription Agreement, the Intel Quartus Prime License Agreement,
the Intel FPGA IP License Agreement, or other applicable license
agreement, including, without limitation, that your use is for
the sole purpose of programming logic devices manufactured by
Intel and sold by Intel or its authorized distributors.  Please
refer to the applicable agreement for further details, at
https://fpgasoftware.intel.com/eula.



+---------------------------------------------------------------------------+
; Analysis & Synthesis Summary                                              ;
+-----------------------------+---------------------------------------------+
; Analysis & Synthesis Status ; Failed - Fri Jan 19 00:48:31 2024           ;
; Quartus Prime Version       ; 20.1.1 Build 720 11/11/2020 SJ Lite Edition ;
; Revision Name               ; Project3                                    ;
; Top-level Entity Name       ; alu_control                                 ;
; Family                      ; Cyclone V                                   ;
; Logic utilization (in ALMs) ; N/A until Partition Merge                   ;
; Total registers             ; N/A until Partition Merge                   ;
; Total pins                  ; N/A until Partition Merge                   ;
; Total virtual pins          ; N/A until Partition Merge                   ;
; Total block memory bits     ; N/A until Partition Merge                   ;
; Total PLLs                  ; N/A until Partition Merge                   ;
; Total DLLs                  ; N/A until Partition Merge                   ;
+-----------------------------+---------------------------------------------+


+---------------------------------------------------------------------------------------------------------------------------+
; Analysis & Synthesis Settings                                                                                             ;
+---------------------------------------------------------------------------------+--------------------+--------------------+
; Option                                                                          ; Setting            ; Default Value      ;
+---------------------------------------------------------------------------------+--------------------+--------------------+
; Device                                                                          ; 5CGXFC7C7F23C8     ;                    ;
; Top-level entity name                                                           ; alu_control        ; Project3           ;
; Family name                                                                     ; Cyclone V          ; Cyclone V          ;
; Use smart compilation                                                           ; Off                ; Off                ;
; Enable parallel Assembler and Timing Analyzer during compilation                ; On                 ; On                 ;
; Enable compact report table                                                     ; Off                ; Off                ;
; Restructure Multiplexers                                                        ; Auto               ; Auto               ;
; MLAB Add Timing Constraints For Mixed-Port Feed-Through Mode Setting Don't Care ; Off                ; Off                ;
; Create Debugging Nodes for IP Cores                                             ; Off                ; Off                ;
; Preserve fewer node names                                                       ; On                 ; On                 ;
; Intel FPGA IP Evaluation Mode                                                   ; Enable             ; Enable             ;
; Verilog Version                                                                 ; Verilog_2001       ; Verilog_2001       ;
; VHDL Version                                                                    ; VHDL_1993          ; VHDL_1993          ;
; State Machine Processing                                                        ; Auto               ; Auto               ;
; Safe State Machine                                                              ; Off                ; Off                ;
; Extract Verilog State Machines                                                  ; On                 ; On                 ;
; Extract VHDL State Machines                                                     ; On                 ; On                 ;
; Ignore Verilog initial constructs                                               ; Off                ; Off                ;
; Iteration limit for constant Verilog loops                                      ; 5000               ; 5000               ;
; Iteration limit for non-constant Verilog loops                                  ; 250                ; 250                ;
; Add Pass-Through Logic to Inferred RAMs                                         ; On                 ; On                 ;
; Infer RAMs from Raw Logic                                                       ; On                 ; On                 ;
; Parallel Synthesis                                                              ; On                 ; On                 ;
; DSP Block Balancing                                                             ; Auto               ; Auto               ;
; NOT Gate Push-Back                                                              ; On                 ; On                 ;
; Power-Up Don't Care                                                             ; On                 ; On                 ;
; Remove Redundant Logic Cells                                                    ; Off                ; Off                ;
; Remove Duplicate Registers                                                      ; On                 ; On                 ;
; Ignore CARRY Buffers                                                            ; Off                ; Off                ;
; Ignore CASCADE Buffers                                                          ; Off                ; Off                ;
; Ignore GLOBAL Buffers                                                           ; Off                ; Off                ;
; Ignore ROW GLOBAL Buffers                                                       ; Off                ; Off                ;
; Ignore LCELL Buffers                                                            ; Off                ; Off                ;
; Ignore SOFT Buffers                                                             ; On                 ; On                 ;
; Limit AHDL Integers to 32 Bits                                                  ; Off                ; Off                ;
; Optimization Technique                                                          ; Balanced           ; Balanced           ;
; Carry Chain Length                                                              ; 70                 ; 70                 ;
; Auto Carry Chains                                                               ; On                 ; On                 ;
; Auto Open-Drain Pins                                                            ; On                 ; On                 ;
; Perform WYSIWYG Primitive Resynthesis                                           ; Off                ; Off                ;
; Auto ROM Replacement                                                            ; On                 ; On                 ;
; Auto RAM Replacement                                                            ; On                 ; On                 ;
; Auto DSP Block Replacement                                                      ; On                 ; On                 ;
; Auto Shift Register Replacement                                                 ; Auto               ; Auto               ;
; Allow Shift Register Merging across Hierarchies                                 ; Auto               ; Auto               ;
; Auto Clock Enable Replacement                                                   ; On                 ; On                 ;
; Strict RAM Replacement                                                          ; Off                ; Off                ;
; Allow Synchronous Control Signals                                               ; On                 ; On                 ;
; Force Use of Synchronous Clear Signals                                          ; Off                ; Off                ;
; Auto Resource Sharing                                                           ; Off                ; Off                ;
; Allow Any RAM Size For Recognition                                              ; Off                ; Off                ;
; Allow Any ROM Size For Recognition                                              ; Off                ; Off                ;
; Allow Any Shift Register Size For Recognition                                   ; Off                ; Off                ;
; Use LogicLock Constraints during Resource Balancing                             ; On                 ; On                 ;
; Ignore translate_off and synthesis_off directives                               ; Off                ; Off                ;
; Timing-Driven Synthesis                                                         ; On                 ; On                 ;
; Report Parameter Settings                                                       ; On                 ; On                 ;
; Report Source Assignments                                                       ; On                 ; On                 ;
; Report Connectivity Checks                                                      ; On                 ; On                 ;
; Ignore Maximum Fan-Out Assignments                                              ; Off                ; Off                ;
; Synchronization Register Chain Length                                           ; 3                  ; 3                  ;
; Power Optimization During Synthesis                                             ; Normal compilation ; Normal compilation ;
; HDL message level                                                               ; Level2             ; Level2             ;
; Suppress Register Optimization Related Messages                                 ; Off                ; Off                ;
; Number of Removed Registers Reported in Synthesis Report                        ; 5000               ; 5000               ;
; Number of Swept Nodes Reported in Synthesis Report                              ; 5000               ; 5000               ;
; Number of Inverted Registers Reported in Synthesis Report                       ; 100                ; 100                ;
; Clock MUX Protection                                                            ; On                 ; On                 ;
; Auto Gated Clock Conversion                                                     ; Off                ; Off                ;
; Block Design Naming                                                             ; Auto               ; Auto               ;
; SDC constraint protection                                                       ; Off                ; Off                ;
; Synthesis Effort                                                                ; Auto               ; Auto               ;
; Shift Register Replacement - Allow Asynchronous Clear Signal                    ; On                 ; On                 ;
; Pre-Mapping Resynthesis Optimization                                            ; Off                ; Off                ;
; Analysis & Synthesis Message Level                                              ; Medium             ; Medium             ;
; Disable Register Merging Across Hierarchies                                     ; Auto               ; Auto               ;
; Resource Aware Inference For Block RAM                                          ; On                 ; On                 ;
; Automatic Parallel Synthesis                                                    ; On                 ; On                 ;
; Partial Reconfiguration Bitstream ID                                            ; Off                ; Off                ;
+---------------------------------------------------------------------------------+--------------------+--------------------+


+------------------------------------------+
; Parallel Compilation                     ;
+----------------------------+-------------+
; Processors                 ; Number      ;
+----------------------------+-------------+
; Number detected on machine ; 12          ;
; Maximum allowed            ; 12          ;
;                            ;             ;
; Average used               ; 1.00        ;
; Maximum used               ; 1           ;
;                            ;             ;
; Usage by Processor         ; % Time Used ;
;     Processor 1            ; 100.0%      ;
+----------------------------+-------------+


+-------------------------------+
; Analysis & Synthesis Messages ;
+-------------------------------+
Info: *******************************************************************
Info: Running Quartus Prime Analysis & Synthesis
    Info: Version 20.1.1 Build 720 11/11/2020 SJ Lite Edition
    Info: Processing started: Fri Jan 19 00:48:25 2024
Info: Command: quartus_map --read_settings_files=on --write_settings_files=off Project3 -c Project3
Warning (18236): Number of processors has not been specified which may cause overloading on shared machines.  Set the global assignment NUM_PARALLEL_PROCESSORS in your QSF to an appropriate value for best performance.
Info (20030): Parallel compilation is enabled and will use 12 of the 12 processors detected
Info (12021): Found 1 design units, including 1 entities, in source file controlrelated/function_code_to_alu_ctr.v
    Info (12023): Found entity 1: function_code_to_alu_ctr File: C:/Users/boran/GTU-Private/CSE-331/Project3/ControlRelated/function_code_to_alu_ctr.v Line: 1
Info (12021): Found 1 design units, including 1 entities, in source file controlrelated/control_tb.v
    Info (12023): Found entity 1: control_tb File: C:/Users/boran/GTU-Private/CSE-331/Project3/ControlRelated/control_tb.v Line: 1
Info (12021): Found 0 design units, including 0 entities, in source file otherstuff/sign_extend.v
Info (12021): Found 0 design units, including 0 entities, in source file otherstuff/shift_left_2.v
Error (10170): Verilog HDL syntax error at control_unit.v(9) near text: "output";  expecting ")". Check for and fix any syntax errors that appear immediately before or at the specified keyword. The Intel FPGA Knowledge Database contains many articles with specific details on how to resolve this error. Visit the Knowledge Database at https://www.altera.com/support/support-resources/knowledge-base/search.html and search for this specific error message number. File: C:/Users/boran/GTU-Private/CSE-331/Project3/ControlRelated/control_unit.v Line: 9
Error (10170): Verilog HDL syntax error at control_unit.v(56) near text: "endmodule";  expecting ";". Check for and fix any syntax errors that appear immediately before or at the specified keyword. The Intel FPGA Knowledge Database contains many articles with specific details on how to resolve this error. Visit the Knowledge Database at https://www.altera.com/support/support-resources/knowledge-base/search.html and search for this specific error message number. File: C:/Users/boran/GTU-Private/CSE-331/Project3/ControlRelated/control_unit.v Line: 56
Info (12021): Found 0 design units, including 0 entities, in source file controlrelated/control_unit.v
Info (12021): Found 1 design units, including 1 entities, in source file controlrelated/alu_control.v
    Info (12023): Found entity 1: alu_control File: C:/Users/boran/GTU-Private/CSE-331/Project3/ControlRelated/alu_control.v Line: 1
Info (12021): Found 1 design units, including 1 entities, in source file alurelated/zerorelated/or_32_to_1.v
    Info (12023): Found entity 1: or_32_to_1 File: C:/Users/boran/GTU-Private/CSE-331/Project3/AluRelated/ZeroRelated/or_32_to_1.v Line: 1
Info (12021): Found 1 design units, including 1 entities, in source file alurelated/zerorelated/is_zero.v
    Info (12023): Found entity 1: is_zero File: C:/Users/boran/GTU-Private/CSE-331/Project3/AluRelated/ZeroRelated/is_zero.v Line: 1
Info (12021): Found 1 design units, including 1 entities, in source file memoryrelated/instruction_block.v
    Info (12023): Found entity 1: instruction_block File: C:/Users/boran/GTU-Private/CSE-331/Project3/MemoryRelated/instruction_block.v Line: 1
Info (12021): Found 1 design units, including 1 entities, in source file memoryrelated/register_block.v
    Info (12023): Found entity 1: register_block File: C:/Users/boran/GTU-Private/CSE-331/Project3/MemoryRelated/register_block.v Line: 1
Info (12021): Found 1 design units, including 1 entities, in source file memoryrelated/memory_testbench.v
    Info (12023): Found entity 1: memory_testbench File: C:/Users/boran/GTU-Private/CSE-331/Project3/MemoryRelated/memory_testbench.v Line: 1
Info (12021): Found 1 design units, including 1 entities, in source file alurelated/xors/xor_32_bit.v
    Info (12023): Found entity 1: xor_32_bit File: C:/Users/boran/GTU-Private/CSE-331/Project3/AluRelated/xors/xor_32_bit.v Line: 1
Info (12021): Found 1 design units, including 1 entities, in source file alurelated/subtractors/subtractor_32.v
    Info (12023): Found entity 1: subtractor_32 File: C:/Users/boran/GTU-Private/CSE-331/Project3/AluRelated/subtractors/subtractor_32.v Line: 1
Info (12021): Found 1 design units, including 1 entities, in source file alurelated/ors/or_32_bit.v
    Info (12023): Found entity 1: or_32_bit File: C:/Users/boran/GTU-Private/CSE-331/Project3/AluRelated/ors/or_32_bit.v Line: 1
Info (12021): Found 1 design units, including 1 entities, in source file alurelated/ors/or_4.v
    Info (12023): Found entity 1: or_4 File: C:/Users/boran/GTU-Private/CSE-331/Project3/AluRelated/ors/or_4.v Line: 1
Info (12021): Found 1 design units, including 1 entities, in source file alurelated/ors/or_3.v
    Info (12023): Found entity 1: or_3 File: C:/Users/boran/GTU-Private/CSE-331/Project3/AluRelated/ors/or_3.v Line: 1
Info (12021): Found 1 design units, including 1 entities, in source file alurelated/nots/not_32_bit.v
    Info (12023): Found entity 1: not_32_bit File: C:/Users/boran/GTU-Private/CSE-331/Project3/AluRelated/nots/not_32_bit.v Line: 1
Info (12021): Found 1 design units, including 1 entities, in source file alurelated/nors/nor_32_bit.v
    Info (12023): Found entity 1: nor_32_bit File: C:/Users/boran/GTU-Private/CSE-331/Project3/AluRelated/nors/nor_32_bit.v Line: 1
Info (12021): Found 1 design units, including 1 entities, in source file alurelated/muxes/mux8x1_32bit.v
    Info (12023): Found entity 1: mux8x1_32bit File: C:/Users/boran/GTU-Private/CSE-331/Project3/AluRelated/muxes/mux8x1_32bit.v Line: 1
Info (12021): Found 1 design units, including 1 entities, in source file alurelated/muxes/mux2x1_32bit.v
    Info (12023): Found entity 1: mux2x1_32bit File: C:/Users/boran/GTU-Private/CSE-331/Project3/AluRelated/muxes/mux2x1_32bit.v Line: 1
Info (12021): Found 1 design units, including 1 entities, in source file alurelated/muxes/mux2x1_4bit.v
    Info (12023): Found entity 1: mux2x1_4bit File: C:/Users/boran/GTU-Private/CSE-331/Project3/AluRelated/muxes/mux2x1_4bit.v Line: 1
Info (12021): Found 1 design units, including 1 entities, in source file alurelated/muxes/mux_2x1.v
    Info (12023): Found entity 1: mux_2x1 File: C:/Users/boran/GTU-Private/CSE-331/Project3/AluRelated/muxes/mux_2x1.v Line: 1
Info (12021): Found 0 design units, including 0 entities, in source file alurelated/mod_related/mod_fsm.v
Info (12021): Found 1 design units, including 1 entities, in source file alurelated/mod_related/mod_dp.v
    Info (12023): Found entity 1: mod_dp File: C:/Users/boran/GTU-Private/CSE-331/Project3/AluRelated/mod_related/mod_dp.v Line: 1
Info (12021): Found 1 design units, including 1 entities, in source file alurelated/mod_related/mod_cu.v
    Info (12023): Found entity 1: mod_cu File: C:/Users/boran/GTU-Private/CSE-331/Project3/AluRelated/mod_related/mod_cu.v Line: 1
Info (12021): Found 1 design units, including 1 entities, in source file alurelated/mod_related/mod.v
    Info (12023): Found entity 1: mod File: C:/Users/boran/GTU-Private/CSE-331/Project3/AluRelated/mod_related/mod.v Line: 1
Info (12021): Found 1 design units, including 1 entities, in source file alurelated/lessthan/lessthan_32.v
    Info (12023): Found entity 1: lessthan_32 File: C:/Users/boran/GTU-Private/CSE-331/Project3/AluRelated/lessthan/lessthan_32.v Line: 1
Info (12021): Found 1 design units, including 1 entities, in source file alurelated/ands/and_32_bit.v
    Info (12023): Found entity 1: and_32_bit File: C:/Users/boran/GTU-Private/CSE-331/Project3/AluRelated/ands/and_32_bit.v Line: 1
Info (12021): Found 1 design units, including 1 entities, in source file alurelated/ands/and_4bit.v
    Info (12023): Found entity 1: and_4bit File: C:/Users/boran/GTU-Private/CSE-331/Project3/AluRelated/ands/and_4bit.v Line: 1
Info (12021): Found 1 design units, including 1 entities, in source file alurelated/ands/and_4.v
    Info (12023): Found entity 1: and_4 File: C:/Users/boran/GTU-Private/CSE-331/Project3/AluRelated/ands/and_4.v Line: 1
Info (12021): Found 1 design units, including 1 entities, in source file alurelated/ands/and_3.v
    Info (12023): Found entity 1: and_3 File: C:/Users/boran/GTU-Private/CSE-331/Project3/AluRelated/ands/and_3.v Line: 1
Info (12021): Found 1 design units, including 1 entities, in source file alurelated/adders/fulladder_gm.v
    Info (12023): Found entity 1: fulladder_gm File: C:/Users/boran/GTU-Private/CSE-331/Project3/AluRelated/adders/fulladder_gm.v Line: 1
Info (12021): Found 1 design units, including 1 entities, in source file alurelated/adders/cla_gen_4.v
    Info (12023): Found entity 1: cla_gen_4 File: C:/Users/boran/GTU-Private/CSE-331/Project3/AluRelated/adders/cla_gen_4.v Line: 1
Info (12021): Found 1 design units, including 1 entities, in source file alurelated/adders/cl_adder_4.v
    Info (12023): Found entity 1: cl_adder_4 File: C:/Users/boran/GTU-Private/CSE-331/Project3/AluRelated/adders/cl_adder_4.v Line: 1
Info (12021): Found 1 design units, including 1 entities, in source file alurelated/adders/adder_32.v
    Info (12023): Found entity 1: adder_32 File: C:/Users/boran/GTU-Private/CSE-331/Project3/AluRelated/adders/adder_32.v Line: 1
Info (12021): Found 1 design units, including 1 entities, in source file alurelated/adders/adder_16.v
    Info (12023): Found entity 1: adder_16 File: C:/Users/boran/GTU-Private/CSE-331/Project3/AluRelated/adders/adder_16.v Line: 1
Info (12021): Found 1 design units, including 1 entities, in source file alurelated/alu.v
    Info (12023): Found entity 1: alu File: C:/Users/boran/GTU-Private/CSE-331/Project3/AluRelated/alu.v Line: 1
Warning (12019): Can't analyze file -- file MemoryRelated/memory_module.v is missing
Error: Quartus Prime Analysis & Synthesis was unsuccessful. 2 errors, 2 warnings
    Error: Peak virtual memory: 4770 megabytes
    Error: Processing ended: Fri Jan 19 00:48:31 2024
    Error: Elapsed time: 00:00:06
    Error: Total CPU time (on all processors): 00:00:06


