Analysis & Elaboration report for Project2
Sun Dec 10 20:25:10 2023
Quartus Prime Version 20.1.1 Build 720 11/11/2020 SJ Lite Edition


---------------------
; Table of Contents ;
---------------------
  1. Legal Notice
  2. Analysis & Elaboration Summary
  3. Parallel Compilation
  4. Parameter Settings for User Entity Instance: mod:mod1
  5. Analysis & Elaboration Settings
  6. Port Connectivity Checks: "mod:mod1|mod_dp:dp1|lessthan_32:lt1"
  7. Port Connectivity Checks: "mod:mod1|mod_dp:dp1|subtractor_32:sub1"
  8. Port Connectivity Checks: "adder_32:add1"
  9. Port Connectivity Checks: "lessthan_32:lt1|mux2x1_32bit:mux2"
 10. Port Connectivity Checks: "lessthan_32:lt1|subtractor_32:sub1|adder_32:adder"
 11. Port Connectivity Checks: "lessthan_32:lt1|subtractor_32:sub1"
 12. Analysis & Elaboration Messages



----------------
; Legal Notice ;
----------------
Copyright (C) 2020  Intel Corporation. All rights reserved.
Your use of Intel Corporation's design tools, logic functions 
and other software and tools, and any partner logic 
functions, and any output files from any of the foregoing 
(including device programming or simulation files), and any 
associated documentation or information are expressly subject 
to the terms and conditions of the Intel Program License 
Subscription Agreement, the Intel Quartus Prime License Agreement,
the Intel FPGA IP License Agreement, or other applicable license
agreement, including, without limitation, that your use is for
the sole purpose of programming logic devices manufactured by
Intel and sold by Intel or its authorized distributors.  Please
refer to the applicable agreement for further details, at
https://fpgasoftware.intel.com/eula.



+-----------------------------------------------------------------------------+
; Analysis & Elaboration Summary                                              ;
+-------------------------------+---------------------------------------------+
; Analysis & Elaboration Status ; Successful - Sun Dec 10 20:25:10 2023       ;
; Quartus Prime Version         ; 20.1.1 Build 720 11/11/2020 SJ Lite Edition ;
; Revision Name                 ; Project2                                    ;
; Top-level Entity Name         ; alu                                         ;
; Family                        ; Cyclone V                                   ;
; Logic utilization (in ALMs)   ; N/A until Partition Merge                   ;
; Total registers               ; N/A until Partition Merge                   ;
; Total pins                    ; N/A until Partition Merge                   ;
; Total virtual pins            ; N/A until Partition Merge                   ;
; Total block memory bits       ; N/A until Partition Merge                   ;
; Total PLLs                    ; N/A until Partition Merge                   ;
; Total DLLs                    ; N/A until Partition Merge                   ;
+-------------------------------+---------------------------------------------+


+------------------------------------------+
; Parallel Compilation                     ;
+----------------------------+-------------+
; Processors                 ; Number      ;
+----------------------------+-------------+
; Number detected on machine ; 12          ;
; Maximum allowed            ; 6           ;
;                            ;             ;
; Average used               ; 1.00        ;
; Maximum used               ; 1           ;
;                            ;             ;
; Usage by Processor         ; % Time Used ;
;     Processor 1            ; 100.0%      ;
+----------------------------+-------------+


+-------------------------------------------------------+
; Parameter Settings for User Entity Instance: mod:mod1 ;
+----------------+-------+------------------------------+
; Parameter Name ; Value ; Type                         ;
+----------------+-------+------------------------------+
; STATE0         ; 0     ; Signed Integer               ;
; STATE1         ; 1     ; Signed Integer               ;
; STATE2         ; 2     ; Signed Integer               ;
+----------------+-------+------------------------------+
Note: In order to hide this table in the UI and the text report file, please set the "Show Parameter Settings in Synthesis Report" option in "Analysis and Synthesis Settings -> More Settings" to "Off".


+---------------------------------------------------------------------------------------------------------------------------+
; Analysis & Elaboration Settings                                                                                           ;
+---------------------------------------------------------------------------------+--------------------+--------------------+
; Option                                                                          ; Setting            ; Default Value      ;
+---------------------------------------------------------------------------------+--------------------+--------------------+
; Device                                                                          ; 5CGXFC7C7F23C8     ;                    ;
; Top-level entity name                                                           ; alu                ; Project2           ;
; Family name                                                                     ; Cyclone V          ; Cyclone V          ;
; Use smart compilation                                                           ; Off                ; Off                ;
; Enable parallel Assembler and Timing Analyzer during compilation                ; On                 ; On                 ;
; Enable compact report table                                                     ; Off                ; Off                ;
; Restructure Multiplexers                                                        ; Auto               ; Auto               ;
; MLAB Add Timing Constraints For Mixed-Port Feed-Through Mode Setting Don't Care ; Off                ; Off                ;
; Create Debugging Nodes for IP Cores                                             ; Off                ; Off                ;
; Preserve fewer node names                                                       ; On                 ; On                 ;
; Intel FPGA IP Evaluation Mode                                                   ; Enable             ; Enable             ;
; Verilog Version                                                                 ; Verilog_2001       ; Verilog_2001       ;
; VHDL Version                                                                    ; VHDL_1993          ; VHDL_1993          ;
; State Machine Processing                                                        ; Auto               ; Auto               ;
; Safe State Machine                                                              ; Off                ; Off                ;
; Extract Verilog State Machines                                                  ; On                 ; On                 ;
; Extract VHDL State Machines                                                     ; On                 ; On                 ;
; Ignore Verilog initial constructs                                               ; Off                ; Off                ;
; Iteration limit for constant Verilog loops                                      ; 5000               ; 5000               ;
; Iteration limit for non-constant Verilog loops                                  ; 250                ; 250                ;
; Add Pass-Through Logic to Inferred RAMs                                         ; On                 ; On                 ;
; Infer RAMs from Raw Logic                                                       ; On                 ; On                 ;
; Parallel Synthesis                                                              ; On                 ; On                 ;
; DSP Block Balancing                                                             ; Auto               ; Auto               ;
; NOT Gate Push-Back                                                              ; On                 ; On                 ;
; Power-Up Don't Care                                                             ; On                 ; On                 ;
; Remove Redundant Logic Cells                                                    ; Off                ; Off                ;
; Remove Duplicate Registers                                                      ; On                 ; On                 ;
; Ignore CARRY Buffers                                                            ; Off                ; Off                ;
; Ignore CASCADE Buffers                                                          ; Off                ; Off                ;
; Ignore GLOBAL Buffers                                                           ; Off                ; Off                ;
; Ignore ROW GLOBAL Buffers                                                       ; Off                ; Off                ;
; Ignore LCELL Buffers                                                            ; Off                ; Off                ;
; Ignore SOFT Buffers                                                             ; On                 ; On                 ;
; Limit AHDL Integers to 32 Bits                                                  ; Off                ; Off                ;
; Optimization Technique                                                          ; Balanced           ; Balanced           ;
; Carry Chain Length                                                              ; 70                 ; 70                 ;
; Auto Carry Chains                                                               ; On                 ; On                 ;
; Auto Open-Drain Pins                                                            ; On                 ; On                 ;
; Perform WYSIWYG Primitive Resynthesis                                           ; Off                ; Off                ;
; Auto ROM Replacement                                                            ; On                 ; On                 ;
; Auto RAM Replacement                                                            ; On                 ; On                 ;
; Auto DSP Block Replacement                                                      ; On                 ; On                 ;
; Auto Shift Register Replacement                                                 ; Auto               ; Auto               ;
; Allow Shift Register Merging across Hierarchies                                 ; Auto               ; Auto               ;
; Auto Clock Enable Replacement                                                   ; On                 ; On                 ;
; Strict RAM Replacement                                                          ; Off                ; Off                ;
; Allow Synchronous Control Signals                                               ; On                 ; On                 ;
; Force Use of Synchronous Clear Signals                                          ; Off                ; Off                ;
; Auto Resource Sharing                                                           ; Off                ; Off                ;
; Allow Any RAM Size For Recognition                                              ; Off                ; Off                ;
; Allow Any ROM Size For Recognition                                              ; Off                ; Off                ;
; Allow Any Shift Register Size For Recognition                                   ; Off                ; Off                ;
; Use LogicLock Constraints during Resource Balancing                             ; On                 ; On                 ;
; Ignore translate_off and synthesis_off directives                               ; Off                ; Off                ;
; Timing-Driven Synthesis                                                         ; On                 ; On                 ;
; Report Parameter Settings                                                       ; On                 ; On                 ;
; Report Source Assignments                                                       ; On                 ; On                 ;
; Report Connectivity Checks                                                      ; On                 ; On                 ;
; Ignore Maximum Fan-Out Assignments                                              ; Off                ; Off                ;
; Synchronization Register Chain Length                                           ; 3                  ; 3                  ;
; Power Optimization During Synthesis                                             ; Normal compilation ; Normal compilation ;
; HDL message level                                                               ; Level2             ; Level2             ;
; Suppress Register Optimization Related Messages                                 ; Off                ; Off                ;
; Number of Removed Registers Reported in Synthesis Report                        ; 5000               ; 5000               ;
; Number of Swept Nodes Reported in Synthesis Report                              ; 5000               ; 5000               ;
; Number of Inverted Registers Reported in Synthesis Report                       ; 100                ; 100                ;
; Clock MUX Protection                                                            ; On                 ; On                 ;
; Auto Gated Clock Conversion                                                     ; Off                ; Off                ;
; Block Design Naming                                                             ; Auto               ; Auto               ;
; SDC constraint protection                                                       ; Off                ; Off                ;
; Synthesis Effort                                                                ; Auto               ; Auto               ;
; Shift Register Replacement - Allow Asynchronous Clear Signal                    ; On                 ; On                 ;
; Pre-Mapping Resynthesis Optimization                                            ; Off                ; Off                ;
; Analysis & Synthesis Message Level                                              ; Medium             ; Medium             ;
; Disable Register Merging Across Hierarchies                                     ; Auto               ; Auto               ;
; Resource Aware Inference For Block RAM                                          ; On                 ; On                 ;
; Automatic Parallel Synthesis                                                    ; On                 ; On                 ;
; Partial Reconfiguration Bitstream ID                                            ; Off                ; Off                ;
+---------------------------------------------------------------------------------+--------------------+--------------------+


+-------------------------------------------------------------------------------------------------------------------------+
; Port Connectivity Checks: "mod:mod1|mod_dp:dp1|lessthan_32:lt1"                                                         ;
+---------------+--------+----------+-------------------------------------------------------------------------------------+
; Port          ; Type   ; Severity ; Details                                                                             ;
+---------------+--------+----------+-------------------------------------------------------------------------------------+
; result[31..1] ; Output ; Info     ; Connected to dangling logic. Logic that only feeds a dangling port will be removed. ;
+---------------+--------+----------+-------------------------------------------------------------------------------------+


+----------------------------------------------------------------------------------------------------------------+
; Port Connectivity Checks: "mod:mod1|mod_dp:dp1|subtractor_32:sub1"                                             ;
+------+--------+----------+-------------------------------------------------------------------------------------+
; Port ; Type   ; Severity ; Details                                                                             ;
+------+--------+----------+-------------------------------------------------------------------------------------+
; cout ; Output ; Info     ; Connected to dangling logic. Logic that only feeds a dangling port will be removed. ;
+------+--------+----------+-------------------------------------------------------------------------------------+


+----------------------------------------------------------------------------------------------------------------+
; Port Connectivity Checks: "adder_32:add1"                                                                      ;
+------+--------+----------+-------------------------------------------------------------------------------------+
; Port ; Type   ; Severity ; Details                                                                             ;
+------+--------+----------+-------------------------------------------------------------------------------------+
; cin  ; Input  ; Info     ; Stuck at GND                                                                        ;
; cout ; Output ; Info     ; Connected to dangling logic. Logic that only feeds a dangling port will be removed. ;
+------+--------+----------+-------------------------------------------------------------------------------------+


+---------------------------------------------------------------+
; Port Connectivity Checks: "lessthan_32:lt1|mux2x1_32bit:mux2" ;
+------------+-------+----------+-------------------------------+
; Port       ; Type  ; Severity ; Details                       ;
+------------+-------+----------+-------------------------------+
; in0        ; Input ; Info     ; Stuck at GND                  ;
; in1[31..1] ; Input ; Info     ; Stuck at GND                  ;
; in1[0]     ; Input ; Info     ; Stuck at VCC                  ;
+------------+-------+----------+-------------------------------+


+-------------------------------------------------------------------------------+
; Port Connectivity Checks: "lessthan_32:lt1|subtractor_32:sub1|adder_32:adder" ;
+------+-------+----------+-----------------------------------------------------+
; Port ; Type  ; Severity ; Details                                             ;
+------+-------+----------+-----------------------------------------------------+
; cin  ; Input ; Info     ; Stuck at VCC                                        ;
+------+-------+----------+-----------------------------------------------------+


+-------------------------------------------------------------------------------------------------------------------------+
; Port Connectivity Checks: "lessthan_32:lt1|subtractor_32:sub1"                                                          ;
+---------------+--------+----------+-------------------------------------------------------------------------------------+
; Port          ; Type   ; Severity ; Details                                                                             ;
+---------------+--------+----------+-------------------------------------------------------------------------------------+
; cout          ; Output ; Info     ; Connected to dangling logic. Logic that only feeds a dangling port will be removed. ;
; result[30..0] ; Output ; Info     ; Connected to dangling logic. Logic that only feeds a dangling port will be removed. ;
+---------------+--------+----------+-------------------------------------------------------------------------------------+


+---------------------------------+
; Analysis & Elaboration Messages ;
+---------------------------------+
Info: *******************************************************************
Info: Running Quartus Prime Analysis & Elaboration
    Info: Version 20.1.1 Build 720 11/11/2020 SJ Lite Edition
    Info: Processing started: Sun Dec 10 20:24:59 2023
Info: Command: quartus_map --read_settings_files=on --write_settings_files=off Project2 -c Project2 --analysis_and_elaboration
Warning (18236): Number of processors has not been specified which may cause overloading on shared machines.  Set the global assignment NUM_PARALLEL_PROCESSORS in your QSF to an appropriate value for best performance.
Info (20030): Parallel compilation is enabled and will use 6 of the 6 processors detected
Info (12021): Found 1 design units, including 1 entities, in source file ors/or_4.v
    Info (12023): Found entity 1: or_4 File: C:/Users/boran/Homeworks-and-Solutions/cse331/Project2/ors/or_4.v Line: 1
Info (12021): Found 1 design units, including 1 entities, in source file ors/or_3.v
    Info (12023): Found entity 1: or_3 File: C:/Users/boran/Homeworks-and-Solutions/cse331/Project2/ors/or_3.v Line: 1
Info (12021): Found 1 design units, including 1 entities, in source file ands/and_32_bit.v
    Info (12023): Found entity 1: and_32_bit File: C:/Users/boran/Homeworks-and-Solutions/cse331/Project2/ands/and_32_bit.v Line: 1
Info (12021): Found 1 design units, including 1 entities, in source file ands/and_4.v
    Info (12023): Found entity 1: and_4 File: C:/Users/boran/Homeworks-and-Solutions/cse331/Project2/ands/and_4.v Line: 1
Info (12021): Found 1 design units, including 1 entities, in source file ands/and_3.v
    Info (12023): Found entity 1: and_3 File: C:/Users/boran/Homeworks-and-Solutions/cse331/Project2/ands/and_3.v Line: 1
Info (12021): Found 1 design units, including 1 entities, in source file muxes/mux2x1_32bit.v
    Info (12023): Found entity 1: mux2x1_32bit File: C:/Users/boran/Homeworks-and-Solutions/cse331/Project2/muxes/mux2x1_32bit.v Line: 1
Info (12021): Found 1 design units, including 1 entities, in source file muxes/mux2x1_4bit.v
    Info (12023): Found entity 1: mux2x1_4bit File: C:/Users/boran/Homeworks-and-Solutions/cse331/Project2/muxes/mux2x1_4bit.v Line: 1
Info (12021): Found 1 design units, including 1 entities, in source file adders/fulladder_gm.v
    Info (12023): Found entity 1: fulladder_gm File: C:/Users/boran/Homeworks-and-Solutions/cse331/Project2/adders/fulladder_gm.v Line: 1
Info (12021): Found 1 design units, including 1 entities, in source file adders/cla_gen_4.v
    Info (12023): Found entity 1: cla_gen_4 File: C:/Users/boran/Homeworks-and-Solutions/cse331/Project2/adders/cla_gen_4.v Line: 1
Info (12021): Found 1 design units, including 1 entities, in source file adders/cl_adder_4.v
    Info (12023): Found entity 1: cl_adder_4 File: C:/Users/boran/Homeworks-and-Solutions/cse331/Project2/adders/cl_adder_4.v Line: 1
Info (12021): Found 1 design units, including 1 entities, in source file adders/adder_16.v
    Info (12023): Found entity 1: adder_16 File: C:/Users/boran/Homeworks-and-Solutions/cse331/Project2/adders/adder_16.v Line: 1
Info (12021): Found 1 design units, including 1 entities, in source file my_testbench.v
    Info (12023): Found entity 1: my_testbench File: C:/Users/boran/Homeworks-and-Solutions/cse331/Project2/my_testbench.v Line: 1
Info (12021): Found 1 design units, including 1 entities, in source file ands/and_4bit.v
    Info (12023): Found entity 1: and_4bit File: C:/Users/boran/Homeworks-and-Solutions/cse331/Project2/ands/and_4bit.v Line: 1
Info (12021): Found 1 design units, including 1 entities, in source file muxes/mux8x1_32bit.v
    Info (12023): Found entity 1: mux8x1_32bit File: C:/Users/boran/Homeworks-and-Solutions/cse331/Project2/muxes/mux8x1_32bit.v Line: 1
Info (12021): Found 1 design units, including 1 entities, in source file ors/or_32_bit.v
    Info (12023): Found entity 1: or_32_bit File: C:/Users/boran/Homeworks-and-Solutions/cse331/Project2/ors/or_32_bit.v Line: 1
Info (12021): Found 1 design units, including 1 entities, in source file nors/nor_32_bit.v
    Info (12023): Found entity 1: nor_32_bit File: C:/Users/boran/Homeworks-and-Solutions/cse331/Project2/nors/nor_32_bit.v Line: 1
Info (12021): Found 1 design units, including 1 entities, in source file xors/xor_32_bit.v
    Info (12023): Found entity 1: xor_32_bit File: C:/Users/boran/Homeworks-and-Solutions/cse331/Project2/xors/xor_32_bit.v Line: 1
Info (12021): Found 1 design units, including 1 entities, in source file adders/adder_32.v
    Info (12023): Found entity 1: adder_32 File: C:/Users/boran/Homeworks-and-Solutions/cse331/Project2/adders/adder_32.v Line: 1
Info (12021): Found 1 design units, including 1 entities, in source file subtractors/subtractor_32.v
    Info (12023): Found entity 1: subtractor_32 File: C:/Users/boran/Homeworks-and-Solutions/cse331/Project2/subtractors/subtractor_32.v Line: 1
Info (12021): Found 1 design units, including 1 entities, in source file nots/not_32_bit.v
    Info (12023): Found entity 1: not_32_bit File: C:/Users/boran/Homeworks-and-Solutions/cse331/Project2/nots/not_32_bit.v Line: 1
Info (12021): Found 1 design units, including 1 entities, in source file lessthan/lessthan_32.v
    Info (12023): Found entity 1: lessthan_32 File: C:/Users/boran/Homeworks-and-Solutions/cse331/Project2/lessthan/lessthan_32.v Line: 1
Info (12021): Found 1 design units, including 1 entities, in source file muxes/mux_2x1.v
    Info (12023): Found entity 1: mux_2x1 File: C:/Users/boran/Homeworks-and-Solutions/cse331/Project2/muxes/mux_2x1.v Line: 1
Info (12021): Found 0 design units, including 0 entities, in source file mod_related/mod_fsm.v
Info (12021): Found 1 design units, including 1 entities, in source file mod_related/mod_cu.v
    Info (12023): Found entity 1: mod_cu File: C:/Users/boran/Homeworks-and-Solutions/cse331/Project2/mod_related/mod_cu.v Line: 1
Info (12021): Found 1 design units, including 1 entities, in source file mod_related/mod_dp.v
    Info (12023): Found entity 1: mod_dp File: C:/Users/boran/Homeworks-and-Solutions/cse331/Project2/mod_related/mod_dp.v Line: 1
Info (12021): Found 1 design units, including 1 entities, in source file mod_related/mod.v
    Info (12023): Found entity 1: mod File: C:/Users/boran/Homeworks-and-Solutions/cse331/Project2/mod_related/mod.v Line: 1
Info (12021): Found 1 design units, including 1 entities, in source file alu.v
    Info (12023): Found entity 1: alu File: C:/Users/boran/Homeworks-and-Solutions/cse331/Project2/alu.v Line: 1
Warning (10236): Verilog HDL Implicit Net warning at mux2x1_4bit.v(15): created implicit net for "sel_not" File: C:/Users/boran/Homeworks-and-Solutions/cse331/Project2/muxes/mux2x1_4bit.v Line: 15
Info (12127): Elaborating entity "alu" for the top level hierarchy
Info (12128): Elaborating entity "and_32_bit" for hierarchy "and_32_bit:and1" File: C:/Users/boran/Homeworks-and-Solutions/cse331/Project2/alu.v Line: 13
Info (12128): Elaborating entity "or_32_bit" for hierarchy "or_32_bit:or1" File: C:/Users/boran/Homeworks-and-Solutions/cse331/Project2/alu.v Line: 14
Info (12128): Elaborating entity "xor_32_bit" for hierarchy "xor_32_bit:xor1" File: C:/Users/boran/Homeworks-and-Solutions/cse331/Project2/alu.v Line: 15
Info (12128): Elaborating entity "nor_32_bit" for hierarchy "nor_32_bit:nor1" File: C:/Users/boran/Homeworks-and-Solutions/cse331/Project2/alu.v Line: 16
Info (12128): Elaborating entity "lessthan_32" for hierarchy "lessthan_32:lt1" File: C:/Users/boran/Homeworks-and-Solutions/cse331/Project2/alu.v Line: 17
Info (12128): Elaborating entity "subtractor_32" for hierarchy "lessthan_32:lt1|subtractor_32:sub1" File: C:/Users/boran/Homeworks-and-Solutions/cse331/Project2/lessthan/lessthan_32.v Line: 6
Info (12128): Elaborating entity "not_32_bit" for hierarchy "lessthan_32:lt1|subtractor_32:sub1|not_32_bit:not1" File: C:/Users/boran/Homeworks-and-Solutions/cse331/Project2/subtractors/subtractor_32.v Line: 3
Info (12128): Elaborating entity "adder_32" for hierarchy "lessthan_32:lt1|subtractor_32:sub1|adder_32:adder" File: C:/Users/boran/Homeworks-and-Solutions/cse331/Project2/subtractors/subtractor_32.v Line: 10
Info (12128): Elaborating entity "adder_16" for hierarchy "lessthan_32:lt1|subtractor_32:sub1|adder_32:adder|adder_16:adder1" File: C:/Users/boran/Homeworks-and-Solutions/cse331/Project2/adders/adder_32.v Line: 11
Info (12128): Elaborating entity "cla_gen_4" for hierarchy "lessthan_32:lt1|subtractor_32:sub1|adder_32:adder|adder_16:adder1|cla_gen_4:level2" File: C:/Users/boran/Homeworks-and-Solutions/cse331/Project2/adders/adder_16.v Line: 24
Info (12128): Elaborating entity "and_4" for hierarchy "lessthan_32:lt1|subtractor_32:sub1|adder_32:adder|adder_16:adder1|cla_gen_4:level2|and_4:and4_1" File: C:/Users/boran/Homeworks-and-Solutions/cse331/Project2/adders/cla_gen_4.v Line: 30
Info (12128): Elaborating entity "or_4" for hierarchy "lessthan_32:lt1|subtractor_32:sub1|adder_32:adder|adder_16:adder1|cla_gen_4:level2|or_4:or4_1" File: C:/Users/boran/Homeworks-and-Solutions/cse331/Project2/adders/cla_gen_4.v Line: 31
Info (12128): Elaborating entity "or_3" for hierarchy "lessthan_32:lt1|subtractor_32:sub1|adder_32:adder|adder_16:adder1|cla_gen_4:level2|or_3:or_r2" File: C:/Users/boran/Homeworks-and-Solutions/cse331/Project2/adders/cla_gen_4.v Line: 35
Info (12128): Elaborating entity "cl_adder_4" for hierarchy "lessthan_32:lt1|subtractor_32:sub1|adder_32:adder|adder_16:adder1|cl_adder_4:a1" File: C:/Users/boran/Homeworks-and-Solutions/cse331/Project2/adders/adder_16.v Line: 26
Info (12128): Elaborating entity "fulladder_gm" for hierarchy "lessthan_32:lt1|subtractor_32:sub1|adder_32:adder|adder_16:adder1|cl_adder_4:a1|fulladder_gm:fa1" File: C:/Users/boran/Homeworks-and-Solutions/cse331/Project2/adders/cl_adder_4.v Line: 16
Info (12128): Elaborating entity "mux_2x1" for hierarchy "lessthan_32:lt1|mux_2x1:mux1" File: C:/Users/boran/Homeworks-and-Solutions/cse331/Project2/lessthan/lessthan_32.v Line: 11
Info (12128): Elaborating entity "mux2x1_32bit" for hierarchy "lessthan_32:lt1|mux2x1_32bit:mux2" File: C:/Users/boran/Homeworks-and-Solutions/cse331/Project2/lessthan/lessthan_32.v Line: 13
Info (12128): Elaborating entity "mux2x1_4bit" for hierarchy "lessthan_32:lt1|mux2x1_32bit:mux2|mux2x1_4bit:mux1" File: C:/Users/boran/Homeworks-and-Solutions/cse331/Project2/muxes/mux2x1_32bit.v Line: 3
Info (12128): Elaborating entity "and_4bit" for hierarchy "lessthan_32:lt1|mux2x1_32bit:mux2|mux2x1_4bit:mux1|and_4bit:and1" File: C:/Users/boran/Homeworks-and-Solutions/cse331/Project2/muxes/mux2x1_4bit.v Line: 20
Info (12128): Elaborating entity "mod" for hierarchy "mod:mod1" File: C:/Users/boran/Homeworks-and-Solutions/cse331/Project2/alu.v Line: 23
Warning (10230): Verilog HDL assignment warning at mod.v(22): truncated value with size 32 to match size of target (2) File: C:/Users/boran/Homeworks-and-Solutions/cse331/Project2/mod_related/mod.v Line: 22
Info (12128): Elaborating entity "mod_cu" for hierarchy "mod:mod1|mod_cu:cu1" File: C:/Users/boran/Homeworks-and-Solutions/cse331/Project2/mod_related/mod.v Line: 17
Info (12128): Elaborating entity "mod_dp" for hierarchy "mod:mod1|mod_dp:dp1" File: C:/Users/boran/Homeworks-and-Solutions/cse331/Project2/mod_related/mod.v Line: 18
Info (12128): Elaborating entity "mux8x1_32bit" for hierarchy "mux8x1_32bit:mux1" File: C:/Users/boran/Homeworks-and-Solutions/cse331/Project2/alu.v Line: 41
Info: Quartus Prime Analysis & Elaboration was successful. 0 errors, 3 warnings
    Info: Peak virtual memory: 4790 megabytes
    Info: Processing ended: Sun Dec 10 20:25:10 2023
    Info: Elapsed time: 00:00:11
    Info: Total CPU time (on all processors): 00:00:13


